<?xml version="1.0" encoding="UTF-8"?>
<testng-results ignored="0" total="1" passed="1" failed="0" skipped="0">
  <reporter-output>
  </reporter-output>
  <suite started-at="2022-01-08T14:52:17Z" name="Default suite" finished-at="2022-01-08T14:52:24Z" duration-ms="7680">
    <groups>
    </groups>
    <test started-at="2022-01-08T14:52:17Z" name="Default test" finished-at="2022-01-08T14:52:24Z" duration-ms="7680">
      <class name="com.google.qa.VerificationSetup">
        <test-method signature="f()[pri:0, instance:com.google.qa.VerificationSetup@563e4951]" started-at="2022-01-08T14:52:17Z" name="f" finished-at="2022-01-08T14:52:24Z" duration-ms="7658" status="PASS">
          <reporter-output>
          </reporter-output>
        </test-method> <!-- f -->
      </class> <!-- com.google.qa.VerificationSetup -->
    </test> <!-- Default test -->
  </suite> <!-- Default suite -->
</testng-results>
